[1/∞] depth 0: https://www.trinityrail.com
    saved: www.trinityrail.com_1.pdf
[2/∞] depth 1: https://www.trinityrail.com/contact
    saved: www.trinityrail.com_contact.pdf
[3/∞] depth 1: https://www.trinityrail.com/leasing
    saved: www.trinityrail.com_leasing.pdf
[4/∞] depth 1: https://www.trinityrail.com/railcars
    saved: www.trinityrail.com_railcars.pdf
[5/∞] depth 1: https://www.trinityrail.com/railcars/tank-cars
    saved: www.trinityrail.com_railcars_tank-cars.pdf
[6/∞] depth 1: https://www.trinityrail.com/railcars/covered-hoppers
    saved: www.trinityrail.com_railcars_covered-hoppers.pdf
[7/∞] depth 1: https://www.trinityrail.com/railcars/autoracks
    saved: www.trinityrail.com_railcars_autoracks.pdf
[8/∞] depth 1: https://www.trinityrail.com/railcars/gondolas
    saved: www.trinityrail.com_railcars_gondolas.pdf
[9/∞] depth 1: https://www.trinityrail.com/railcars/flat-intermodal
    saved: www.trinityrail.com_railcars_flat-intermodal.pdf
[10/∞] depth 1: https://www.trinityrail.com/railcars/open-hoppers
    saved: www.trinityrail.com_railcars_open-hoppers.pdf
[11/∞] depth 1: https://www.trinityrail.com/railcars/boxcars
    saved: www.trinityrail.com_railcars_boxcars.pdf
[12/∞] depth 1: https://www.trinityrail.com/rsi-logistics
    saved: www.trinityrail.com_rsi-logistics.pdf
[13/∞] depth 1: https://www.trinityrail.com/rsi-logistics/rail-tms
    saved: www.trinityrail.com_rsi-logistics_rail-tms.pdf
[14/∞] depth 1: https://www.trinityrail.com/rsi-logistics/fleet-management
    saved: www.trinityrail.com_rsi-logistics_fleet-management.pdf
[15/∞] depth 1: https://www.trinityrail.com/rsi-logistics/transloading
    saved: www.trinityrail.com_rsi-logistics_transloading.pdf
[16/∞] depth 1: https://www.trinityrail.com/rsi-logistics/bulk-terminals
    saved: www.trinityrail.com_rsi-logistics_bulk-terminals.pdf
[17/∞] depth 1: https://www.trinityrail.com/maintenance
    saved: www.trinityrail.com_maintenance.pdf
[18/∞] depth 1: https://www.trinityrail.com/parts
    saved: www.trinityrail.com_parts.pdf
[19/∞] depth 1: https://www.trinityrail.com/new-to-rail
    saved: www.trinityrail.com_new-to-rail.pdf
[20/∞] depth 1: https://www.trinityrail.com/field-support
    saved: www.trinityrail.com_field-support.pdf
[21/∞] depth 1: https://www.trinityrail.com/revu360
    saved: www.trinityrail.com_revu360.pdf
[22/∞] depth 1: https://www.trinityrail.com/about
    saved: www.trinityrail.com_about.pdf
[23/∞] depth 1: https://www.trinityrail.com/about/careers
    saved: www.trinityrail.com_about_careers.pdf
[24/∞] depth 1: https://www.trinityrail.com/resources/news-insights
    saved: www.trinityrail.com_resources_news-insights.pdf
[25/∞] depth 1: https://www.trinityrail.com/sustainability
    saved: www.trinityrail.com_sustainability.pdf
[26/∞] depth 1: https://www.trinityrail.com/sustainability/src
    saved: www.trinityrail.com_sustainability_src.pdf
[27/∞] depth 1: https://www.trinityrail.com/rsi-logistics/railpulse
    saved: www.trinityrail.com_rsi-logistics_railpulse.pdf
[28/∞] depth 1: https://www.trinityrail.com/railcars/boxcars/trincool-64-0-refrigerated-box-car
    saved: www.trinityrail.com_railcars_boxcars_trincool-64-0-refrigerated-box-car.pdf
[29/∞] depth 1: https://www.trinityrail.com/railcars/autoracks/hourglass
    saved: www.trinityrail.com_railcars_autoracks_hourglass.pdf
[30/∞] depth 1: https://www.trinityrail.com/privacy-policy
    saved: www.trinityrail.com_privacy-policy.pdf
[31/∞] depth 2: https://www.trinityrail.com/railcars/tank-cars/14207-gallon-sulfuric-acid-tank-car
    saved: www.trinityrail.com_railcars_tank-cars_14207-gallon-sulfuric-acid-tank-car.pdf
[32/∞] depth 2: https://www.trinityrail.com/railcars/tank-cars/14903-gallon-sulfuric-acid-tank-car-2
    saved: www.trinityrail.com_railcars_tank-cars_14903-gallon-sulfuric-acid-tank-car-2.pdf
[33/∞] depth 2: https://www.trinityrail.com/railcars/tank-cars/18063-gallon-chlorine-tank-car
    saved: www.trinityrail.com_railcars_tank-cars_18063-gallon-chlorine-tank-car.pdf
[34/∞] depth 2: https://www.trinityrail.com/railcars/tank-cars/18528-gallon-caustic-soda-tank-car-2
    saved: www.trinityrail.com_railcars_tank-cars_18528-gallon-caustic-soda-tank-car-2.pdf
[35/∞] depth 2: https://www.trinityrail.com/railcars/tank-cars/19636-gallon-corn-syrup-tank-car
    saved: www.trinityrail.com_railcars_tank-cars_19636-gallon-corn-syrup-tank-car.pdf
[36/∞] depth 2: https://www.trinityrail.com/railcars/tank-cars/20413-general-service-tank-car
    saved: www.trinityrail.com_railcars_tank-cars_20413-general-service-tank-car.pdf
[37/∞] depth 2: https://www.trinityrail.com/railcars/tank-cars/21964-gallon-co2-tank-car
    saved: www.trinityrail.com_railcars_tank-cars_21964-gallon-co2-tank-car.pdf
[38/∞] depth 2: https://www.trinityrail.com/railcars/tank-cars/22667-gallon-hydrochloric-acid-tank-car
    saved: www.trinityrail.com_railcars_tank-cars_22667-gallon-hydrochloric-acid-tank-car.pdf
[39/∞] depth 2: https://www.trinityrail.com/railcars/tank-cars/23589-gallon-general-service-tank-car
    saved: www.trinityrail.com_railcars_tank-cars_23589-gallon-general-service-tank-car.pdf
[40/∞] depth 2: https://www.trinityrail.com/railcars/tank-cars/25330-gallon-asphalt-tank-car
    saved: www.trinityrail.com_railcars_tank-cars_25330-gallon-asphalt-tank-car.pdf
[41/∞] depth 2: https://www.trinityrail.com/railcars/tank-cars/25498-gallon-general-service-coiled-and-insulated-tank-car
    saved: www.trinityrail.com_railcars_tank-cars_25498-gallon-general-service-coiled-and-i.pdf
[42/∞] depth 2: https://www.trinityrail.com/railcars/tank-cars/29188-gallon-vegetable-oil-tank-car
    saved: www.trinityrail.com_railcars_tank-cars_29188-gallon-vegetable-oil-tank-car.pdf
[43/∞] depth 2: https://www.trinityrail.com/railcars/tank-cars/30300-gallon-non-coiled-insulated-tank-car
    saved: www.trinityrail.com_railcars_tank-cars_30300-gallon-non-coiled-insulated-tank-ca.pdf
[44/∞] depth 2: https://www.trinityrail.com/railcars/tank-cars/33560-gallon-pressure-tank-car
    saved: www.trinityrail.com_railcars_tank-cars_33560-gallon-pressure-tank-car.pdf
[45/∞] depth 2: https://www.trinityrail.com/railcars/tank-cars/33690-gallon-pressure-tank-car
    saved: www.trinityrail.com_railcars_tank-cars_33690-gallon-pressure-tank-car.pdf
[46/∞] depth 2: https://www.trinityrail.com/railcars/tank-cars/34302-gallon-anhydrous-ammonia-tank-car
    saved: www.trinityrail.com_railcars_tank-cars_34302-gallon-anhydrous-ammonia-tank-car.pdf
[47/∞] depth 2: https://www.trinityrail.com/railcars/covered-hoppers/3230-pressure-differential-covered-hopper
    saved: www.trinityrail.com_railcars_covered-hoppers_3230-pressure-differential-covered-.pdf
[48/∞] depth 2: https://www.trinityrail.com/railcars/covered-hoppers/3281-cubic-foot-covered-hopper-2
    saved: www.trinityrail.com_railcars_covered-hoppers_3281-cubic-foot-covered-hopper-2.pdf
[49/∞] depth 2: https://www.trinityrail.com/railcars/covered-hoppers/4871-cubic-foot-covered-hopper-2
    saved: www.trinityrail.com_railcars_covered-hoppers_4871-cubic-foot-covered-hopper-2.pdf
[50/∞] depth 2: https://www.trinityrail.com/railcars/covered-hoppers/5161-cubic-foot-covered-hopper-2
    saved: www.trinityrail.com_railcars_covered-hoppers_5161-cubic-foot-covered-hopper-2.pdf
[51/∞] depth 2: https://www.trinityrail.com/railcars/covered-hoppers/5211-cubic-foot-trinflo-covered-hopper-2
    saved: www.trinityrail.com_railcars_covered-hoppers_5211-cubic-foot-trinflo-covered-hop.pdf
[52/∞] depth 2: https://www.trinityrail.com/railcars/covered-hoppers/5239-cubic-foot-covered-hopper
    saved: www.trinityrail.com_railcars_covered-hoppers_5239-cubic-foot-covered-hopper.pdf
[53/∞] depth 2: https://www.trinityrail.com/railcars/covered-hoppers/5251-cubic-foot-pneumatic-discharge-covered-hopper-2
    saved: www.trinityrail.com_railcars_covered-hoppers_5251-cubic-foot-pneumatic-discharge.pdf
[54/∞] depth 2: https://www.trinityrail.com/railcars/covered-hoppers/5380-cubic-foot-aluminum-covered-hopper-2
    saved: www.trinityrail.com_railcars_covered-hoppers_5380-cubic-foot-aluminum-covered-ho.pdf
[55/∞] depth 2: https://www.trinityrail.com/railcars/covered-hoppers/5459-cubic-foot-covered-hopper-2
    saved: www.trinityrail.com_railcars_covered-hoppers_5459-cubic-foot-covered-hopper-2.pdf
[56/∞] depth 2: https://www.trinityrail.com/railcars/covered-hoppers/5461-cubic-foot-covered-hopper-2
    saved: www.trinityrail.com_railcars_covered-hoppers_5461-cubic-foot-covered-hopper-2.pdf
[57/∞] depth 2: https://www.trinityrail.com/railcars/covered-hoppers/5660-cubic-foot-pressure-differential-covered-hopper-2
    saved: www.trinityrail.com_railcars_covered-hoppers_5660-cubic-foot-pressure-differenti.pdf
[58/∞] depth 2: https://www.trinityrail.com/railcars/covered-hoppers/5791-cubic-foot-covered-hopper-2
    saved: www.trinityrail.com_railcars_covered-hoppers_5791-cubic-foot-covered-hopper-2.pdf
[59/∞] depth 2: https://www.trinityrail.com/railcars/covered-hoppers/5851-cubic-foot-pneumatic-discharge-covered-hopper-2
    saved: www.trinityrail.com_railcars_covered-hoppers_5851-cubic-foot-pneumatic-discharge.pdf
[60/∞] depth 2: https://www.trinityrail.com/railcars/covered-hoppers/6241-cubic-foot-pneumatic-discharge-covered-hopper-2
    saved: www.trinityrail.com_railcars_covered-hoppers_6241-cubic-foot-pneumatic-discharge.pdf
[61/∞] depth 2: https://www.trinityrail.com/railcars/covered-hoppers/6351-cubic-foot-covered-hopper-2
    saved: www.trinityrail.com_railcars_covered-hoppers_6351-cubic-foot-covered-hopper-2.pdf
[62/∞] depth 2: https://www.trinityrail.com/railcars/covered-hoppers/6541-cubic-foot-covered-hopper-2
    saved: www.trinityrail.com_railcars_covered-hoppers_6541-cubic-foot-covered-hopper-2.pdf
[63/∞] depth 2: https://www.trinityrail.com/2480-cubic-foot-gondola
    saved: www.trinityrail.com_2480-cubic-foot-gondola.pdf
[64/∞] depth 2: https://www.trinityrail.com/42-coil-car
    saved: www.trinityrail.com_42-coil-car.pdf
[65/∞] depth 2: https://www.trinityrail.com/52-6-mill-gondola
    saved: www.trinityrail.com_52-6-mill-gondola.pdf
[66/∞] depth 2: https://www.trinityrail.com/66-0-mill-gondola
    saved: www.trinityrail.com_66-0-mill-gondola.pdf
[67/∞] depth 2: https://www.trinityrail.com/railcars/covered-hoppers/2403-cubic-foot-rapid-discharge-triple-hopper
    saved: www.trinityrail.com_railcars_covered-hoppers_2403-cubic-foot-rapid-discharge-tri.pdf
[68/∞] depth 2: https://www.trinityrail.com/railcars/covered-hoppers/2480-cubic-foot-rdl-a-longitudinal-rapid-discharge-open-top-hopper
    saved: www.trinityrail.com_railcars_covered-hoppers_2480-cubic-foot-rdl-a-longitudinal-.pdf
[69/∞] depth 2: https://www.trinityrail.com/services
    saved: www.trinityrail.com_services.pdf
[70/∞] depth 2: https://www.trinityrail.com/a-beginners-guide-to-rail-shipping
    saved: www.trinityrail.com_a-beginners-guide-to-rail-shipping.pdf
[71/∞] depth 2: https://www.trinityrail.com/a-guide-to-the-benefits-of-rail-shipping
    saved: www.trinityrail.com_a-guide-to-the-benefits-of-rail-shipping.pdf
[72/∞] depth 2: https://www.trinityrail.com/cost-comparison-rail-shipping-vs-trucking
    saved: www.trinityrail.com_cost-comparison-rail-shipping-vs-trucking.pdf
[73/∞] depth 2: https://www.trinityrail.com/defining-rail-shipping-demurrage-and-how-to-dispute-it
    saved: www.trinityrail.com_defining-rail-shipping-demurrage-and-how-to-dispute-it.pdf
[74/∞] depth 2: https://www.trinityrail.com/railroad-cost-indexes-explained
    saved: www.trinityrail.com_railroad-cost-indexes-explained.pdf
[75/∞] depth 2: https://www.trinityrail.com/the-advantages-of-rail-shipping-vs-trucking
    saved: www.trinityrail.com_the-advantages-of-rail-shipping-vs-trucking.pdf
[76/∞] depth 2: https://www.trinityrail.com/what-is-a-rail-fuel-surcharge-and-why-does-it-matter
    saved: www.trinityrail.com_what-is-a-rail-fuel-surcharge-and-why-does-it-matter.pdf
[77/∞] depth 2: https://www.trinityrail.com/about/sustainability/src
    saved: www.trinityrail.com_about_sustainability_src.pdf
[78/∞] depth 2: https://www.trinityrail.com/rsi-logistics/?_gl=1*12kdhzp*_up*MQ..*_ga*MTE1MDU1MzQzMS4xNzMxOTQ5MzIw*_ga_1M1G8EBPJM*MTczMTk0OTMxNy4xLjAuMTczMTk0OTMxNy4wLjAuMTIyMzE3MjA4OA..
    saved: www.trinityrail.com_rsi-logistics_1.pdf
[79/∞] depth 3: https://www.trinityrail.com/products/flat-intermodal
    saved: www.trinityrail.com_products_flat-intermodal.pdf
[80/∞] depth 3: https://www.trinityrail.com/products/tank-cars
    saved: www.trinityrail.com_products_tank-cars.pdf
[81/∞] depth 3: https://www.trinityrail.com/products/open-hoppers
    saved: www.trinityrail.com_products_open-hoppers.pdf
[82/∞] depth 3: https://www.trinityrail.com/products/covered-hoppers
    saved: www.trinityrail.com_products_covered-hoppers.pdf
[83/∞] depth 3: https://www.trinityrail.com/products/box-cars
    saved: www.trinityrail.com_products_box-cars.pdf
[84/∞] depth 3: http://trinityrail.com/contact
    saved: trinityrail.com_contact_1.pdf
[85/∞] depth 3: https://www.trinityrail.com/trinsight
    saved: www.trinityrail.com_trinsight.pdf
[86/∞] depth 3: https://www.trinityrail.com/railpulse
    saved: www.trinityrail.com_railpulse.pdf
[87/∞] depth 3: https://www.trinityrail.com/company/sustainability
    saved: www.trinityrail.com_company_sustainability.pdf

Done. Saved 87 page(s) to /Users/bablu/Downloads/RAG-Trinity-main/pdfs
